<?xml version="1.0" encoding="UTF-8"?>
<testsuites>
  <testsuite name="" tests="20" assertions="45" errors="1" warnings="0" failures="0" skipped="0" time="0.051683">
    <testsuite name="Project Test Suite" tests="20" assertions="45" errors="1" warnings="0" failures="0" skipped="0" time="0.051683">
      <testsuite name="App\Card\CardGraphicTest" file="/home/ingrid/dbwebb-kurser/mvc/me/report/tests/Card/CardGraphicTest.php" tests="2" assertions="2" errors="0" warnings="0" failures="0" skipped="0" time="0.012467">
        <testcase name="testCreateCardGraphic" class="App\Card\CardGraphicTest" classname="App.Card.CardGraphicTest" file="/home/ingrid/dbwebb-kurser/mvc/me/report/tests/Card/CardGraphicTest.php" line="12" assertions="1" time="0.011106"/>
        <testcase name="testPrintCardGraphic" class="App\Card\CardGraphicTest" classname="App.Card.CardGraphicTest" file="/home/ingrid/dbwebb-kurser/mvc/me/report/tests/Card/CardGraphicTest.php" line="19" assertions="1" time="0.001361"/>
      </testsuite>
      <testsuite name="App\Card\CardHandTest" file="/home/ingrid/dbwebb-kurser/mvc/me/report/tests/Card/CardHandTest.php" tests="2" assertions="5" errors="0" warnings="0" failures="0" skipped="0" time="0.004149">
        <testcase name="testCreateCardHand" class="App\Card\CardHandTest" classname="App.Card.CardHandTest" file="/home/ingrid/dbwebb-kurser/mvc/me/report/tests/Card/CardHandTest.php" line="12" assertions="1" time="0.001241"/>
        <testcase name="testAdd" class="App\Card\CardHandTest" classname="App.Card.CardHandTest" file="/home/ingrid/dbwebb-kurser/mvc/me/report/tests/Card/CardHandTest.php" line="20" assertions="4" time="0.002909"/>
      </testsuite>
      <testsuite name="App\Card\CardTest" file="/home/ingrid/dbwebb-kurser/mvc/me/report/tests/Card/CardTest.php" tests="1" assertions="11" errors="0" warnings="0" failures="0" skipped="0" time="0.000662">
        <testcase name="testCreateCard" class="App\Card\CardTest" classname="App.Card.CardTest" file="/home/ingrid/dbwebb-kurser/mvc/me/report/tests/Card/CardTest.php" line="16" assertions="11" time="0.000662"/>
      </testsuite>
      <testsuite name="App\Card\DeckOfCarTest" file="/home/ingrid/dbwebb-kurser/mvc/me/report/tests/Card/DeckOfCardsTest.php" tests="5" assertions="7" errors="1" warnings="0" failures="0" skipped="0" time="0.024366">
        <testcase name="testCreateDeckOfCard" class="App\Card\DeckOfCarTest" classname="App.Card.DeckOfCarTest" file="/home/ingrid/dbwebb-kurser/mvc/me/report/tests/Card/DeckOfCardsTest.php" line="12" assertions="1" time="0.001646"/>
        <testcase name="testNewDeckSorted" class="App\Card\DeckOfCarTest" classname="App.Card.DeckOfCarTest" file="/home/ingrid/dbwebb-kurser/mvc/me/report/tests/Card/DeckOfCardsTest.php" line="20" assertions="2" time="0.001351"/>
        <testcase name="testSort" class="App\Card\DeckOfCarTest" classname="App.Card.DeckOfCarTest" file="/home/ingrid/dbwebb-kurser/mvc/me/report/tests/Card/DeckOfCardsTest.php" line="34" assertions="1" time="0.017944">
          <error type="Error">App\Card\DeckOfCarTest::testSort
Error: Call to a member function getValue() on string

/home/ingrid/dbwebb-kurser/mvc/me/report/tests/Card/DeckOfCardsTest.php:52</error>
        </testcase>
        <testcase name="testRemove" class="App\Card\DeckOfCarTest" classname="App.Card.DeckOfCarTest" file="/home/ingrid/dbwebb-kurser/mvc/me/report/tests/Card/DeckOfCardsTest.php" line="59" assertions="1" time="0.001163"/>
        <testcase name="testArrays" class="App\Card\DeckOfCarTest" classname="App.Card.DeckOfCarTest" file="/home/ingrid/dbwebb-kurser/mvc/me/report/tests/Card/DeckOfCardsTest.php" line="73" assertions="2" time="0.002263"/>
      </testsuite>
      <testsuite name="App\Card\GameTest" file="/home/ingrid/dbwebb-kurser/mvc/me/report/tests/Card/GameTest.php" tests="3" assertions="7" errors="0" warnings="0" failures="0" skipped="0" time="0.002339">
        <testcase name="testCreateGame" class="App\Card\GameTest" classname="App.Card.GameTest" file="/home/ingrid/dbwebb-kurser/mvc/me/report/tests/Card/GameTest.php" line="12" assertions="1" time="0.001285"/>
        <testcase name="testAddGet" class="App\Card\GameTest" classname="App.Card.GameTest" file="/home/ingrid/dbwebb-kurser/mvc/me/report/tests/Card/GameTest.php" line="20" assertions="2" time="0.000495"/>
        <testcase name="testWinner" class="App\Card\GameTest" classname="App.Card.GameTest" file="/home/ingrid/dbwebb-kurser/mvc/me/report/tests/Card/GameTest.php" line="34" assertions="4" time="0.000560"/>
      </testsuite>
      <testsuite name="App\Card\PlayerTest" file="/home/ingrid/dbwebb-kurser/mvc/me/report/tests/Card/PlayerTest.php" tests="2" assertions="2" errors="0" warnings="0" failures="0" skipped="0" time="0.000990">
        <testcase name="testCreatePlayer" class="App\Card\PlayerTest" classname="App.Card.PlayerTest" file="/home/ingrid/dbwebb-kurser/mvc/me/report/tests/Card/PlayerTest.php" line="19" assertions="1" time="0.000477"/>
        <testcase name="testSorePlayer" class="App\Card\PlayerTest" classname="App.Card.PlayerTest" file="/home/ingrid/dbwebb-kurser/mvc/me/report/tests/Card/PlayerTest.php" line="31" assertions="1" time="0.000512"/>
      </testsuite>
      <testsuite name="App\Dice\DiceGraphicTest" file="/home/ingrid/dbwebb-kurser/mvc/me/report/tests/Dice/DiceGraphicTest.php" tests="1" assertions="2" errors="0" warnings="0" failures="0" skipped="0" time="0.001224">
        <testcase name="testCreateDice" class="App\Dice\DiceGraphicTest" classname="App.Dice.DiceGraphicTest" file="/home/ingrid/dbwebb-kurser/mvc/me/report/tests/Dice/DiceGraphicTest.php" line="16" assertions="2" time="0.001224"/>
      </testsuite>
      <testsuite name="App\Dice\DiceHandTest" file="/home/ingrid/dbwebb-kurser/mvc/me/report/tests/Dice/DiceHandTest.php" tests="2" assertions="4" errors="0" warnings="0" failures="0" skipped="0" time="0.003337">
        <testcase name="testCreateDiceHand" class="App\Dice\DiceHandTest" classname="App.Dice.DiceHandTest" file="/home/ingrid/dbwebb-kurser/mvc/me/report/tests/Dice/DiceHandTest.php" line="16" assertions="3" time="0.001283"/>
        <testcase name="testValuesDiceHand" class="App\Dice\DiceHandTest" classname="App.Dice.DiceHandTest" file="/home/ingrid/dbwebb-kurser/mvc/me/report/tests/Dice/DiceHandTest.php" line="26" assertions="1" time="0.002054"/>
      </testsuite>
      <testsuite name="App\Dice\DiceTest" file="/home/ingrid/dbwebb-kurser/mvc/me/report/tests/Dice/DiceTest.php" tests="2" assertions="5" errors="0" warnings="0" failures="0" skipped="0" time="0.002150">
        <testcase name="testCreateDice" class="App\Dice\DiceTest" classname="App.Dice.DiceTest" file="/home/ingrid/dbwebb-kurser/mvc/me/report/tests/Dice/DiceTest.php" line="16" assertions="2" time="0.000540"/>
        <testcase name="testValueDice" class="App\Dice\DiceTest" classname="App.Dice.DiceTest" file="/home/ingrid/dbwebb-kurser/mvc/me/report/tests/Dice/DiceTest.php" line="25" assertions="3" time="0.001610"/>
      </testsuite>
    </testsuite>
  </testsuite>
</testsuites>
